<?xml version="1.0" encoding="UTF-8"?>
<!-- Generated by org.testng.reporters.JUnitXMLReporter -->
<testsuite ignored="0" hostname="DESKTOP-5080US9" failures="0" tests="6" name="Test_edge" time="327.736" errors="0" timestamp="2025-07-22T17:13:54 IST">
  <testcase classname="ContactModule.ContactScenariosTest" name="createCont_suppDate" time="52.651"/>
  <testcase classname="ContactModule.ContactScenariosTest" name="createContwithOrg" time="76.803"/>
  <testcase classname="ContactModule.ContactScenariosTest" name="createcontTest" time="48.598"/>
  <testcase classname="OrganizationModule.OrgScenariosTest" name="createNewOrgTest" time="50.718"/>
  <testcase classname="OrganizationModule.OrgScenariosTest" name="createOrg_IndAndType" time="50.749"/>
  <testcase classname="OrganizationModule.OrgScenariosTest" name="createOrg_Phno_Test" time="48.009"/>
</testsuite> <!-- Test_edge -->
