<?xml version="1.0" encoding="UTF-8"?>
<!-- Generated by org.testng.reporters.JUnitXMLReporter -->
<testsuite ignored="0" hostname="DESKTOP-5080US9" failures="0" tests="6" name="Test_chrome" time="324.07" errors="0" timestamp="2025-07-22T17:13:50 IST">
  <testcase classname="ContactModule.ContactScenariosTest" name="createCont_suppDate" time="54.458"/>
  <testcase classname="ContactModule.ContactScenariosTest" name="createContwithOrg" time="74.906"/>
  <testcase classname="ContactModule.ContactScenariosTest" name="createcontTest" time="47.714"/>
  <testcase classname="OrganizationModule.OrgScenariosTest" name="createNewOrgTest" time="47.156"/>
  <testcase classname="OrganizationModule.OrgScenariosTest" name="createOrg_IndAndType" time="50.282"/>
  <testcase classname="OrganizationModule.OrgScenariosTest" name="createOrg_Phno_Test" time="49.288"/>
</testsuite> <!-- Test_chrome -->
