<?xml version="1.0" encoding="UTF-8"?>
<!-- Generated by org.testng.reporters.JUnitXMLReporter -->
<testsuite ignored="0" hostname="DESKTOP-5080US9" failures="0" tests="3" name="Test_cont" time="100.135" errors="0" timestamp="2025-07-22T18:09:25 IST">
  <testcase classname="ContactModule.ContactScenariosTest" name="createCont_suppDate" time="70.846"/>
  <testcase classname="ContactModule.ContactScenariosTest" name="createContwithOrg" time="0.0">
    <skipped/>
  </testcase> <!-- createContwithOrg -->
  <testcase classname="ContactModule.ContactScenariosTest" name="createcontTest" time="0.001">
    <skipped/>
  </testcase> <!-- createcontTest -->
</testsuite> <!-- Test_cont -->
