<?xml version="1.0" encoding="UTF-8"?>
<!-- Generated by org.testng.reporters.JUnitXMLReporter -->
<testsuite ignored="4" hostname="DESKTOP-5080US9" failures="0" tests="6" name="Test" time="298.052" errors="0" timestamp="2025-07-30T18:35:10 IST">
  <testcase classname="ContactModule.ContactScenariosTest" name="createCont_suppDate" time="79.798"/>
  <testcase classname="ContactModule.ContactScenariosTest" name="createContwithOrg" time="45.972"/>
  <testcase classname="ContactModule.ContactScenariosTest" name="createcontTest" time="20.967"/>
  <testcase classname="OrganizationModule.OrgScenariosTest" name="createNewOrgTest" time="21.207"/>
  <testcase classname="OrganizationModule.OrgScenariosTest" name="createOrg_IndAndType" time="20.912"/>
  <testcase classname="OrganizationModule.OrgScenariosTest" name="createOrg_Phno_Test" time="24.751"/>
  <testcase classname="BaseclassUtility.Baseclass" name="@BeforeSuite getConnectionToDB" time="0.0">
    <ignored/>
  </testcase> <!-- @BeforeSuite getConnectionToDB -->
  <testcase classname="BaseclassUtility.Baseclass" name="@BeforeTest conParallelExe" time="0.0">
    <ignored/>
  </testcase> <!-- @BeforeTest conParallelExe -->
  <testcase classname="BaseclassUtility.Baseclass" name="@AfterTest closeParalelExe" time="0.0">
    <ignored/>
  </testcase> <!-- @AfterTest closeParalelExe -->
  <testcase classname="BaseclassUtility.Baseclass" name="@AfterSuite closeConnectionWithDB" time="0.0">
    <ignored/>
  </testcase> <!-- @AfterSuite closeConnectionWithDB -->
</testsuite> <!-- Test -->
